ERROR: 2022/03/08 14:14:56 routes.go:12: json: cannot unmarshal object into Go struct field EvalPayload.body of type []uint8
ERROR: 2022/03/08 14:18:42 routes.go:12: json: cannot unmarshal object into Go struct field EvalPayload.body of type []uint8
ERROR: 2022/03/08 14:24:15 routes.go:12: invalid character 'b' after array element
ERROR: 2022/03/08 14:31:09 routes.go:12: illegal base64 data at input byte 4
ERROR: 2022/03/08 14:49:12 routes.go:13: id not found
ERROR: 2022/03/08 14:49:49 routes.go:13: template id not found
ERROR: 2022/03/08 15:33:25 routes.go:13: template id not found
ERROR: 2022/03/09 09:31:31 routes.go:13: template id not found
ERROR: 2022/03/09 09:49:18 routes.go:13: template id not found
ERROR: 2022/03/09 09:50:42 routes.go:11: template id not found
ERROR: 2022/03/10 09:40:55 utils.go:95: _.go:390:2: expected declaration, found from (and 1 more errors)
ERROR: 2022/03/10 09:42:38 utils.go:95: _.go:390:2: expected declaration, found from (and 1 more errors)
ERROR: 2022/03/10 09:45:30 routes.go:100: _.go:15:3: expected declaration, found from (and 1 more errors)
ERROR: 2022/03/10 10:20:38 routes.go:104: _.go:15:3: expected declaration, found from (and 1 more errors)
ERROR: 2022/03/10 10:29:56 utils.go:95: _.go:390:2: expected declaration, found from (and 1 more errors)
ERROR: 2022/03/10 10:30:22 routes.go:94: _.go:15:3: expected declaration, found from (and 1 more errors)
ERROR: 2022/03/10 10:34:33 routes.go:64: invalid character '\r' in string literal
ERROR: 2022/03/10 10:44:28 routes.go:94: _.go:15:95: expected ';', found Last (and 2 more errors)
ERROR: 2022/03/10 11:01:44 routes.go:94: _.go:15:94: expected ';', found Last (and 4 more errors)
ERROR: 2022/03/10 11:05:33 routes.go:94: _.go:15:62: expected ';', found Value (and 2 more errors)
ERROR: 2022/03/10 11:06:07 routes.go:94: _.go:16:27: expected ';', found TimeStamp (and 2 more errors)
ERROR: 2022/03/10 11:06:22 routes.go:94: _.go:17:16: expected ';', found json (and 2 more errors)
ERROR: 2022/03/10 11:16:34 curd.go:75: Error 1062: Duplicate entry 'postman0' for key 'objectids.object_id'
ERROR: 2022/03/10 11:16:34 routes.go:70: Error 1062: Duplicate entry 'postman0' for key 'objectids.object_id'
ERROR: 2022/03/10 11:18:40 curd.go:75: Error 1062: Duplicate entry 'postman0' for key 'objectids.object_id'
ERROR: 2022/03/10 11:18:40 routes.go:70: Error 1062: Duplicate entry 'postman0' for key 'objectids.object_id'
ERROR: 2022/03/10 11:24:22 curd.go:76: Error 1062: Duplicate entry 'postman0' for key 'objectids.object_id'
ERROR: 2022/03/10 11:24:22 curd.go:34: Rollback
ERROR: 2022/03/10 11:24:22 routes.go:70: Error 1062: Duplicate entry 'postman0' for key 'objectids.object_id'
ERROR: 2022/03/10 16:46:26 curd.go:74: Error 1452: Cannot add or update a child row: a foreign key constraint fails (`json_parser`.`objectids`, CONSTRAINT `objectids_ibfk_1` FOREIGN KEY (`template_id`) REFERENCES `template` (`id`))
ERROR: 2022/03/10 16:46:26 routes.go:71: Error 1452: Cannot add or update a child row: a foreign key constraint fails (`json_parser`.`objectids`, CONSTRAINT `objectids_ibfk_1` FOREIGN KEY (`template_id`) REFERENCES `template` (`id`))
ERROR: 2022/03/10 16:49:35 curd.go:74: Error 1452: Cannot add or update a child row: a foreign key constraint fails (`json_parser`.`objectids`, CONSTRAINT `objectids_ibfk_1` FOREIGN KEY (`template_id`) REFERENCES `template` (`id`))
ERROR: 2022/03/10 16:49:35 routes.go:71: Error 1452: Cannot add or update a child row: a foreign key constraint fails (`json_parser`.`objectids`, CONSTRAINT `objectids_ibfk_1` FOREIGN KEY (`template_id`) REFERENCES `template` (`id`))
ERROR: 2022/03/10 16:59:41 curd.go:75: Error 1062: Duplicate entry 'postman0' for key 'objectids.object_id'
ERROR: 2022/03/10 16:59:41 routes.go:71: Error 1062: Duplicate entry 'postman0' for key 'objectids.object_id'
ERROR: 2022/03/11 15:01:57 routes.go:94: _.go:15:3: expected declaration, found from (and 1 more errors)
ERROR: 2022/03/11 15:02:47 curd.go:138: Error 1205: Lock wait timeout exceeded; try restarting transaction
ERROR: 2022/03/11 15:02:47 curd.go:34: Rollback
ERROR: 2022/03/11 15:02:47 routes.go:98: Error 1205: Lock wait timeout exceeded; try restarting transaction
ERROR: 2022/03/11 15:08:38 routes.go:94: _.go:15:3: expected declaration, found from (and 1 more errors)
ERROR: 2022/03/11 15:09:29 curd.go:142: Error 1205: Lock wait timeout exceeded; try restarting transaction
ERROR: 2022/03/11 15:09:29 routes.go:99: Error 1205: Lock wait timeout exceeded; try restarting transaction
ERROR: 2022/03/11 15:13:01 routes.go:94: _.go:15:3: expected declaration, found from (and 1 more errors)
ERROR: 2022/03/11 15:13:52 curd.go:145: Error 1205: Lock wait timeout exceeded; try restarting transaction
ERROR: 2022/03/11 15:13:52 routes.go:99: Error 1205: Lock wait timeout exceeded; try restarting transaction
ERROR: 2022/03/11 15:14:38 routes.go:94: _.go:15:3: expected declaration, found from (and 1 more errors)
ERROR: 2022/03/11 15:15:29 curd.go:148: Error 1205: Lock wait timeout exceeded; try restarting transaction
ERROR: 2022/03/11 15:15:29 routes.go:99: Error 1205: Lock wait timeout exceeded; try restarting transaction
ERROR: 2022/03/11 15:17:58 routes.go:94: _.go:15:3: expected declaration, found from (and 1 more errors)
ERROR: 2022/03/11 15:17:58 curd.go:149: sql: transaction has already been committed or rolled back
ERROR: 2022/03/11 15:17:58 routes.go:99: sql: transaction has already been committed or rolled back
ERROR: 2022/03/11 15:18:52 routes.go:94: _.go:15:3: expected declaration, found from (and 1 more errors)
ERROR: 2022/03/11 15:19:43 curd.go:150: Error 1205: Lock wait timeout exceeded; try restarting transaction
ERROR: 2022/03/11 15:19:43 routes.go:99: Error 1205: Lock wait timeout exceeded; try restarting transaction
ERROR: 2022/03/11 15:22:32 routes.go:94: _.go:15:3: expected declaration, found from (and 1 more errors)
ERROR: 2022/03/11 16:10:54 curd.go:75: Error 1062: Duplicate entry 'postman0' for key 'objectids.object_id'
ERROR: 2022/03/11 16:10:54 routes.go:71: Error 1062: Duplicate entry 'postman0' for key 'objectids.object_id'
ERROR: 2022/03/11 16:11:27 routes.go:95: _.go:15:3: expected declaration, found from (and 1 more errors)
ERROR: 2022/03/11 16:12:19 curd.go:146: Error 1205: Lock wait timeout exceeded; try restarting transaction
ERROR: 2022/03/11 16:12:19 routes.go:100: Error 1205: Lock wait timeout exceeded; try restarting transaction
ERROR: 2022/03/11 16:12:29 routes.go:95: _.go:15:3: expected declaration, found from (and 1 more errors)
ERROR: 2022/03/11 16:13:03 routes.go:95: _.go:15:3: expected declaration, found from (and 1 more errors)
ERROR: 2022/03/11 16:13:53 curd.go:146: Error 1205: Lock wait timeout exceeded; try restarting transaction
ERROR: 2022/03/11 16:13:53 routes.go:100: Error 1205: Lock wait timeout exceeded; try restarting transaction
ERROR: 2022/03/11 16:15:03 routes.go:95: _.go:15:3: expected declaration, found from (and 1 more errors)
ERROR: 2022/03/11 16:15:53 curd.go:146: Error 1205: Lock wait timeout exceeded; try restarting transaction
ERROR: 2022/03/11 16:15:53 routes.go:100: Error 1205: Lock wait timeout exceeded; try restarting transaction
ERROR: 2022/03/11 16:22:40 routes.go:95: _.go:15:3: expected declaration, found from (and 1 more errors)
ERROR: 2022/03/11 16:23:32 routes.go:95: _.go:15:3: expected declaration, found from (and 1 more errors)
ERROR: 2022/03/11 16:24:24 curd.go:147: Error 1205: Lock wait timeout exceeded; try restarting transaction
ERROR: 2022/03/11 16:24:24 routes.go:100: Error 1205: Lock wait timeout exceeded; try restarting transaction
ERROR: 2022/03/11 16:31:52 routes.go:95: _.go:15:3: expected declaration, found from (and 1 more errors)
ERROR: 2022/03/11 16:39:50 routes.go:95: _.go:15:3: expected declaration, found from (and 1 more errors)
ERROR: 2022/03/11 16:40:42 curd.go:147: Error 1205: Lock wait timeout exceeded; try restarting transaction
ERROR: 2022/03/11 16:40:42 routes.go:100: Error 1205: Lock wait timeout exceeded; try restarting transaction
ERROR: 2022/03/11 16:49:03 routes.go:95: _.go:15:3: expected declaration, found from (and 1 more errors)
ERROR: 2022/03/11 16:49:40 routes.go:95: _.go:15:3: expected declaration, found from (and 1 more errors)
ERROR: 2022/03/11 16:50:54 routes.go:154: template id not found
ERROR: 2022/03/11 16:52:14 curd.go:75: Error 1062: Duplicate entry 'postman0' for key 'objectids.object_id'
ERROR: 2022/03/11 16:52:14 routes.go:71: Error 1062: Duplicate entry 'postman0' for key 'objectids.object_id'
ERROR: 2022/03/11 16:52:56 routes.go:146: template id not found
ERROR: 2022/03/11 16:59:51 curd.go:75: Error 1062: Duplicate entry 'postman0' for key 'objectids.object_id'
ERROR: 2022/03/11 16:59:51 routes.go:71: Error 1062: Duplicate entry 'postman0' for key 'objectids.object_id'
ERROR: 2022/03/11 17:00:49 routes.go:95: _.go:15:3: expected declaration, found from (and 1 more errors)
ERROR: 2022/03/11 17:05:27 routes.go:95: _.go:15:3: expected declaration, found from (and 1 more errors)
ERROR: 2022/03/11 17:13:32 utils.go:188: _.go:15:3: expected declaration, found from (and 1 more errors)
ERROR: 2022/03/11 17:13:32 routes.go:82: _.go:15:3: expected declaration, found from (and 1 more errors)
